\BOOKMARK [0][]{chapter.1}{\376\377\0001\000\040\000\040\176\352\213\272}{}% 1
\BOOKMARK [1][]{section.1.1}{\376\377\0001\000.\0001\000\040\213\376\230\230\200\314\146\157}{chapter.1}% 2
\BOOKMARK [2][]{subsection.1.1.1}{\376\377\0001\000.\0001\000.\0001\000\040\155\361\136\246\133\146\116\140\150\106\147\266\166\204\135\345\172\013\127\060\117\115\116\016\133\211\121\150\226\220\140\243}{section.1.1}% 3
\BOOKMARK [2][]{subsection.1.1.2}{\376\377\0001\000.\0001\000.\0002\000\040\152\041\174\312\155\113\213\325\166\204\137\025\121\145\116\016\155\113\213\325\145\160\143\156\173\241\164\006\164\366\230\210}{section.1.1}% 4
\BOOKMARK [1][]{section.1.2}{\376\377\0001\000.\0002\000\040\126\375\121\205\131\026\170\024\172\166\163\260\162\266}{chapter.1}% 5
\BOOKMARK [2][]{subsection.1.2.1}{\376\377\0001\000.\0002\000.\0001\000\040\155\361\136\246\133\146\116\140\150\106\147\266\152\041\174\312\155\113\213\325\145\271\154\325\170\024\172\166}{section.1.2}% 6
\BOOKMARK [2][]{subsection.1.2.2}{\376\377\0001\000.\0002\000.\0002\000\040\155\113\213\325\145\160\143\156\173\241\164\006\116\016\145\110\200\375\213\304\117\060\166\370\121\163\170\024\172\166}{section.1.2}% 7
\BOOKMARK [2][]{subsection.1.2.3}{\376\377\0001\000.\0002\000.\0003\000\040\131\047\213\355\212\000\152\041\127\213\217\205\122\251\217\157\116\366\155\113\213\325\170\024\172\166\163\260\162\266}{section.1.2}% 8
\BOOKMARK [1][]{section.1.3}{\376\377\0001\000.\0003\000\040\170\024\172\166\166\356\150\007\116\016\116\073\211\201\135\345\117\134}{chapter.1}% 9
\BOOKMARK [1][]{section.1.4}{\376\377\0001\000.\0004\000\040\213\272\145\207\176\304\176\307\176\323\147\204}{chapter.1}% 10
\BOOKMARK [0][]{chapter.2}{\376\377\0002\000\040\000\040\166\370\121\163\142\200\147\057\116\016\164\006\213\272\127\372\170\100}{}% 11
\BOOKMARK [1][]{section.2.1}{\376\377\0002\000.\0001\000\040\155\361\136\246\133\146\116\140\150\106\147\266\116\016\152\041\174\312\155\113\213\325\142\200\147\057}{chapter.2}% 12
\BOOKMARK [2][]{subsection.2.1.1}{\376\377\0002\000.\0001\000.\0001\000\040\155\361\136\246\133\146\116\140\150\106\147\266\166\204\117\123\174\373\176\323\147\204}{section.2.1}% 13
\BOOKMARK [2][]{subsection.2.1.2}{\376\377\0002\000.\0001\000.\0002\000\040\152\041\174\312\155\113\213\325\142\200\147\057\123\237\164\006\116\016\122\006\174\173}{section.2.1}% 14
\BOOKMARK [1][]{section.2.2}{\376\377\0002\000.\0002\000\040\145\207\147\054\213\355\116\111\210\150\137\201\116\016\124\021\221\317\150\300\175\042\142\200\147\057}{chapter.2}% 15
\BOOKMARK [2][]{subsection.2.2.1}{\376\377\0002\000.\0002\000.\0001\000\040\127\372\116\216\133\152\165\037\177\121\176\334\166\204\230\204\213\255\176\303\213\355\116\111\177\026\170\001\152\041\127\213}{section.2.2}% 16
\BOOKMARK [2][]{subsection.2.2.2}{\376\377\0002\000.\0002\000.\0002\000\040\232\330\176\364\124\021\221\317\217\321\117\074\147\000\217\321\220\273\150\300\175\042}{section.2.2}% 17
\BOOKMARK [1][]{section.2.3}{\376\377\0002\000.\0003\000\040\226\115\176\364\122\006\147\220\116\016\116\015\123\330\221\317\143\250\145\255\145\271\154\325}{chapter.2}% 18
\BOOKMARK [2][]{subsection.2.3.1}{\376\377\0002\000.\0003\000.\0001\000\040\116\073\142\020\122\006\122\006\147\220\123\237\164\006}{section.2.3}% 19
\BOOKMARK [2][]{subsection.2.3.2}{\376\377\0002\000.\0003\000.\0002\000\040\000D\000a\000i\000k\000o\000n\122\250\140\001\116\015\123\330\221\317\150\300\155\113\150\106\147\266}{section.2.3}% 20
\BOOKMARK [1][]{section.2.4}{\376\377\0002\000.\0004\000\040\150\300\175\042\130\236\137\072\165\037\142\020\142\200\147\057}{chapter.2}% 21
\BOOKMARK [1][]{section.2.5}{\376\377\0002\000.\0005\000\040\116\343\170\001\211\206\166\326\163\207\221\307\226\306\142\200\147\057}{chapter.2}% 22
\BOOKMARK [1][]{section.2.6}{\376\377\0002\000.\0006\000\040\147\054\172\340\134\017\176\323}{chapter.2}% 23
\BOOKMARK [0][]{chapter.3}{\376\377\0003\000\040\000\040\174\373\176\337\227\000\154\102\122\006\147\220\116\016\140\073\117\123\213\276\213\241}{}% 24
\BOOKMARK [1][]{section.3.1}{\376\377\0003\000.\0001\000\040\174\373\176\337\227\000\154\102\122\006\147\220}{chapter.3}% 25
\BOOKMARK [2][]{subsection.3.1.1}{\376\377\0003\000.\0001\000.\0001\000\040\122\237\200\375\140\047\227\000\154\102}{section.3.1}% 26
\BOOKMARK [2][]{subsection.3.1.2}{\376\377\0003\000.\0001\000.\0002\000\040\227\136\122\237\200\375\140\047\227\000\154\102}{section.3.1}% 27
\BOOKMARK [1][]{section.3.2}{\376\377\0003\000.\0002\000\040\174\373\176\337\140\073\117\123\147\266\147\204\213\276\213\241}{chapter.3}% 28
\BOOKMARK [2][]{subsection.3.2.1}{\376\377\0003\000.\0002\000.\0001\000\040\122\115\124\016\172\357\122\006\171\273\116\016\155\367\124\010\124\016\172\357\147\266\147\204}{section.3.2}% 29
\BOOKMARK [2][]{subsection.3.2.2}{\376\377\0003\000.\0002\000.\0002\000\040\137\002\147\204\123\314\136\223\133\130\120\250\147\266\147\204}{section.3.2}% 30
\BOOKMARK [2][]{subsection.3.2.3}{\376\377\0003\000.\0002\000.\0003\000\040\174\373\176\337\142\200\147\057\150\010\220\011\127\213\213\364\146\016}{section.3.2}% 31
\BOOKMARK [1][]{section.3.3}{\376\377\0003\000.\0003\000\040\174\373\176\337\122\237\200\375\152\041\127\127\122\022\122\006\116\016\145\160\143\156\155\101}{chapter.3}% 32
\BOOKMARK [0][]{chapter.4}{\376\377\0004\000\040\000\040\174\373\176\337\213\346\176\306\213\276\213\241\116\016\150\070\137\303\173\227\154\325}{}% 33
\BOOKMARK [1][]{section.4.1}{\376\377\0004\000.\0001\000\040\201\352\122\250\123\026\145\345\137\327\211\343\147\220\116\016\123\314\215\357\124\021\221\317\123\026\145\160\143\156\155\101\154\064\176\277}{chapter.4}% 34
\BOOKMARK [2][]{subsection.4.1.1}{\376\377\0004\000.\0001\000.\0001\000\040\127\372\116\216\122\006\134\102\153\143\122\031\123\071\221\115\166\204\145\345\137\327\211\343\147\220\137\025\144\316}{section.4.1}% 35
\BOOKMARK [2][]{subsection.4.1.2}{\376\377\0004\000.\0001\000.\0002\000\040\127\372\116\216\000D\000F\000S\142\323\142\121\126\336\156\257\166\204\145\105\226\234\156\257\156\220\133\232\117\115\137\025\144\316}{section.4.1}% 36
\BOOKMARK [2][]{subsection.4.1.3}{\376\377\0004\000.\0001\000.\0003\000\040\123\314\215\357\124\021\221\317\123\026\162\171\137\201\210\150\137\201\173\126\165\145}{section.4.1}% 37
\BOOKMARK [1][]{section.4.2}{\376\377\0004\000.\0002\000\040\137\002\147\204\155\367\124\010\123\117\124\014\133\130\120\250\116\016\165\037\124\175\124\150\147\037\173\241\164\006}{chapter.4}% 38
\BOOKMARK [2][]{subsection.4.2.1}{\376\377\0004\000.\0002\000.\0001\000\040\176\323\147\204\123\026\121\103\145\160\143\156\116\016\124\021\221\317\162\171\137\201\166\204\226\224\171\273\123\117\124\014\213\276\213\241}{section.4.2}% 39
\BOOKMARK [2][]{subsection.4.2.2}{\376\377\0004\000.\0002\000.\0002\000\040\137\002\153\145\123\117\172\013\122\112\134\360\116\016\232\330\136\166\123\321\123\314\121\231\116\000\201\364\140\047\117\335\226\234}{section.4.2}% 40
\BOOKMARK [2][]{subsection.4.2.3}{\376\377\0004\000.\0002\000.\0003\000\040\127\372\116\216\000C\000E\000I\226\010\120\074\166\204\215\350\136\223\176\247\200\124\156\005\164\006\147\072\122\066}{section.4.2}% 41
\BOOKMARK [1][]{section.4.3}{\376\377\0004\000.\0003\000\040\123\314\172\172\225\364\000D\000a\000i\000k\000o\000n\145\105\226\234\217\271\165\114\133\232\165\114\137\025\144\316}{chapter.4}% 42
\BOOKMARK [2][]{subsection.4.3.1}{\376\377\0004\000.\0003\000.\0001\000\040\133\371\161\147\176\304\123\354\126\336\116\016\123\302\145\160\134\125\136\163\147\072\122\066}{section.4.3}% 43
\BOOKMARK [2][]{subsection.4.3.2}{\376\377\0004\000.\0003\000.\0002\000\040\176\335\133\371\145\160\133\146\211\304\137\213\143\242\155\113\116\016\162\151\164\006\176\242\176\277\143\250\145\255}{section.4.3}% 44
\BOOKMARK [2][]{subsection.4.3.3}{\376\377\0004\000.\0003\000.\0003\000\040\131\047\152\041\127\213\217\157\211\343\221\312\116\016\123\314\217\150\143\222\226\234\155\101\154\064\176\277}{section.4.3}% 45
\BOOKMARK [1][]{section.4.4}{\376\377\0004\000.\0004\000\040\155\113\213\325\226\306\131\032\150\067\140\047\136\246\221\317\116\016\000C\000E\000I\145\110\200\375\213\304\117\060\152\041\127\213}{chapter.4}% 46
\BOOKMARK [2][]{subsection.4.4.1}{\376\377\0004\000.\0004\000.\0001\000\040\127\372\116\216\000P\000C\000A\166\204\232\330\176\364\162\171\137\201\226\115\176\364\116\016\172\172\225\364\122\006\136\003\166\321\155\113}{section.4.4}% 47
\BOOKMARK [2][]{subsection.4.4.2}{\376\377\0004\000.\0004\000.\0002\000\040\211\206\166\326\145\110\200\375\143\007\145\160\221\317\123\026\152\041\127\213}{section.4.4}% 48
\BOOKMARK [2][]{subsection.4.4.3}{\376\377\0004\000.\0004\000.\0003\000\040\173\227\133\120\176\304\124\010\177\072\123\343\166\204\121\163\200\124\122\006\147\220\147\072\122\066}{section.4.4}% 49
\BOOKMARK [1][]{section.4.5}{\376\377\0004\000.\0005\000\040\127\372\116\216\000R\000A\000G\166\204\146\172\200\375\123\026\225\355\163\257\147\072\122\066}{chapter.4}% 50
\BOOKMARK [2][]{subsection.4.5.1}{\376\377\0004\000.\0005\000.\0001\000\040\163\257\130\203\141\037\167\345\217\205\122\251\213\312\145\255}{section.4.5}% 51
\BOOKMARK [2][]{subsection.4.5.2}{\376\377\0004\000.\0005\000.\0002\000\040\173\227\133\120\177\072\123\343\227\166\124\021\210\145\166\362\116\016\165\050\117\213\201\352\122\250\165\037\142\020}{section.4.5}% 52
\BOOKMARK [1][]{section.4.6}{\376\377\0004\000.\0006\000\040\147\054\172\340\134\017\176\323}{chapter.4}% 53
\BOOKMARK [0][]{chapter.5}{\376\377\0005\000\040\000\040\174\373\176\337\133\236\163\260\116\016\122\237\200\375\134\125\171\072}{}% 54
\BOOKMARK [1][]{section.5.1}{\376\377\0005\000.\0001\000\040\137\000\123\321\163\257\130\203\116\016\135\345\121\167\221\115\177\156}{chapter.5}% 55
\BOOKMARK [1][]{section.5.2}{\376\377\0005\000.\0002\000\040\124\016\172\357\150\070\137\303\152\041\127\127\133\236\163\260}{chapter.5}% 56
\BOOKMARK [2][]{subsection.5.2.1}{\376\377\0005\000.\0002\000.\0001\000\040\000P\000y\000t\000h\000o\000n\000\040\000F\000a\000s\000t\000A\000P\000I\173\227\154\325\124\016\172\357\133\236\163\260}{section.5.2}% 57
\BOOKMARK [2][]{subsection.5.2.2}{\376\377\0005\000.\0002\000.\0002\000\040\000J\000a\000v\000a\000\040\000S\000p\000r\000i\000n\000g\000\040\000B\000o\000o\000t\116\032\122\241\124\016\172\357\133\236\163\260}{section.5.2}% 58
\BOOKMARK [2][]{subsection.5.2.3}{\376\377\0005\000.\0002\000.\0003\000\040\145\160\143\156\136\223\210\150\176\323\147\204\116\016\124\021\221\317\226\306\124\010\213\346\176\306\213\276\213\241}{section.5.2}% 59
\BOOKMARK [1][]{section.5.3}{\376\377\0005\000.\0003\000\040\122\115\172\357\165\114\227\142\133\236\163\260\116\016\122\237\200\375\134\125\171\072}{chapter.5}% 60
\BOOKMARK [2][]{subsection.5.3.1}{\376\377\0005\000.\0003\000.\0001\000\040\174\373\176\337\140\073\211\310\116\352\210\150\166\330}{section.5.3}% 61
\BOOKMARK [2][]{subsection.5.3.2}{\376\377\0005\000.\0003\000.\0002\000\040\165\050\117\213\173\241\164\006\116\016\146\172\200\375\213\355\116\111\150\300\175\042\165\114\227\142}{section.5.3}% 62
\BOOKMARK [2][]{subsection.5.3.3}{\376\377\0005\000.\0003\000.\0003\000\040\145\105\226\234\217\271\165\114\133\371\153\324\116\016\000D\000a\000i\000k\000o\000n\133\232\165\114\134\125\171\072\165\114\227\142}{section.5.3}% 63
\BOOKMARK [2][]{subsection.5.3.4}{\376\377\0005\000.\0003\000.\0004\000\040\173\227\133\120\211\206\166\326\160\355\122\233\126\376\116\016\000A\000I\210\145\166\362\165\114\227\142}{section.5.3}% 64
\BOOKMARK [2][]{subsection.5.3.5}{\376\377\0005\000.\0003\000.\0005\000\040\000C\000E\000I\145\110\200\375\122\006\147\220\116\016\146\172\200\375\156\005\220\000\165\114\227\142}{section.5.3}% 65
\BOOKMARK [2][]{subsection.5.3.6}{\376\377\0005\000.\0003\000.\0006\000\040\000P\000C\000A\131\032\150\067\140\047\200\132\174\173\166\321\143\247\165\114\227\142}{section.5.3}% 66
\BOOKMARK [1][]{section.5.4}{\376\377\0005\000.\0004\000\040\136\225\134\102\162\151\164\006\142\147\210\114\154\231\173\261\133\236\163\260}{chapter.5}% 67
\BOOKMARK [2][]{subsection.5.4.1}{\376\377\0005\000.\0004\000.\0001\000\040\000G\000c\000o\000v\000/\000L\000C\000O\000V\143\242\224\210\166\204\177\026\213\321\143\002\217\175\155\101\172\013}{section.5.4}% 68
\BOOKMARK [2][]{subsection.5.4.2}{\376\377\0005\000.\0004\000.\0002\000\040\127\372\116\216\000m\000u\000l\000t\000i\000p\000r\000o\000c\000e\000s\000s\000i\000n\000g\000.\000s\000p\000a\000w\000n\166\204\226\224\171\273\142\147\210\114\137\025\144\316}{section.5.4}% 69
\BOOKMARK [0][]{chapter.6}{\376\377\0006\000\040\000\040\133\236\232\214\116\016\176\323\147\234\122\006\147\220}{}% 70
\BOOKMARK [1][]{section.6.1}{\376\377\0006\000.\0001\000\040\133\236\232\214\163\257\130\203\116\016\145\160\143\156\226\306}{chapter.6}% 71
\BOOKMARK [1][]{section.6.2}{\376\377\0006\000.\0002\000\040\000C\000E\000I\173\133\220\011\173\227\154\325\166\204\147\011\145\110\140\047\232\214\213\301}{chapter.6}% 72
\BOOKMARK [2][]{subsection.6.2.1}{\376\377\0006\000.\0002\000.\0001\000\040\152\041\142\337\232\214\213\301\133\236\232\214}{section.6.2}% 73
\BOOKMARK [2][]{subsection.6.2.2}{\376\377\0006\000.\0002\000.\0002\000\040\167\037\133\236\162\151\164\006\133\371\161\147\133\236\232\214\377\010\0002\0000\0000\117\213\377\011}{section.6.2}% 74
\BOOKMARK [2][]{subsection.6.2.3}{\376\377\0006\000.\0002\000.\0003\000\040\123\103\117\213\211\304\152\041\162\151\164\006\215\321\155\113\213\272\213\301}{section.6.2}% 75
\BOOKMARK [1][]{section.6.3}{\376\377\0006\000.\0003\000\040\000D\000a\000i\000k\000o\000n\217\271\165\114\133\232\165\114\137\025\144\316\166\204\147\011\145\110\140\047\232\214\213\301}{chapter.6}% 76
\BOOKMARK [2][]{subsection.6.3.1}{\376\377\0006\000.\0003\000.\0001\000\040\135\362\167\345\145\160\133\146\211\304\137\213\166\204\174\276\170\156\143\125\203\267\133\236\232\214}{section.6.3}% 77
\BOOKMARK [2][]{subsection.6.3.2}{\376\377\0006\000.\0003\000.\0002\000\040\147\052\167\345\217\271\165\114\147\141\116\366\166\204\143\242\175\042\140\047\123\321\163\260}{section.6.3}% 78
\BOOKMARK [1][]{section.6.4}{\376\377\0006\000.\0004\000\040\213\355\116\111\150\300\175\042\116\016\000R\000A\000G\217\205\122\251\213\312\145\255\145\110\147\234\213\304\117\060}{chapter.6}% 79
\BOOKMARK [1][]{section.6.5}{\376\377\0006\000.\0005\000\040\174\373\176\337\140\047\200\375\116\016\123\357\142\151\134\125\140\047\122\006\147\220}{chapter.6}% 80
\BOOKMARK [1][]{section.6.6}{\376\377\0006\000.\0006\000\040\147\054\172\340\134\017\176\323}{chapter.6}% 81
\BOOKMARK [0][]{chapter*.29}{\376\377\140\073\176\323\116\016\134\125\147\033}{}% 82
\BOOKMARK [0][]{chapter*.32}{\376\377\201\364\214\042}{}% 83
\BOOKMARK [0][]{section*.33}{\376\377\123\302\200\003\145\207\163\056}{}% 84
